test prover unit[default]::functional/ModifiesTypeTest.move                    ... ok
test prover unit[default]::functional/bitwise_operators_enum.move              ... ok
test prover unit[default]::functional/aborts_with_negative_check.move          ... ok
test prover unit[default]::functional/aborts_with_check.move                   ... ok
test prover unit[default]::functional/axiom_generic.move                       ... ok
test prover unit[default]::functional/ModifiesSchemaTest.move                  ... ok
test prover unit[default]::functional/ModifiesTest.move                        ... ok
test prover unit[default]::functional/bv_aborts.move                           ... ok
test prover unit[default]::functional/address_serialization_constant_size.move ... ok
test prover unit[default]::functional/bitset.move                              ... ok
test prover unit[default]::functional/axioms.move                              ... ok
test prover unit[default]::functional/ModifiesErrorTest.move                   ... ok
test prover unit[default]::functional/aborts_if_with_code.move                 ... ok
test prover unit[default]::functional/aborts_if.move                           ... ok
test prover unit[default]::functional/address_quant.move                       ... ok
test prover unit[default]::functional/bitwise_operators.move                   ... ok
test prover unit[default]::functional/duplicate_function_declarations.move     ... ok
test prover unit[default]::functional/arithm.move                              ... ok
test prover unit[default]::functional/disable_inv.move                         ... ok
test prover unit[default]::functional/enum.move                                ... ok
test prover unit[default]::functional/disable_inv_indirect.move                ... ok
test prover unit[default]::functional/enum_abort.move                          ... ok
test prover unit[default]::functional/enum_generic.move                        ... ok
test prover unit[default]::functional/enum_self.move                           ... ok
test prover unit[default]::functional/conditional_write_back.move              ... FAILED
test prover unit[default]::functional/enum_positional.move                     ... ok
test prover unit[default]::functional/bitwise_table.move                       ... ok
test prover unit[default]::functional/defines.move                             ... ok
test prover unit[default]::functional/data_invariant_in_loop.move              ... ok
test prover unit[default]::functional/disable_inv_friends.move                 ... ok
test prover unit[default]::functional/cast.move                                ... ok
test prover unit[default]::functional/data_invariant_in_map.move               ... FAILED
test prover unit[default]::functional/consts.move                              ... ok
test prover unit[default]::functional/data_invariant_for_mut_ref_arg.move      ... FAILED
test prover unit[default]::functional/exists_in_vector.move                    ... ok
test prover unit[default]::functional/choice.move                              ... ok
test prover unit[default]::functional/friend.move                              ... ok
test prover unit[default]::functional/friend_error.move                        ... ok
test prover unit[default]::functional/global_invariants.move                   ... ok
test prover unit[default]::functional/invariants_positional.move               ... ok
test prover unit[default]::functional/generic_invariants.move                  ... ok
test prover unit[default]::functional/hash_model_invalid.move                  ... ok
test prover unit[default]::functional/hash_model.move                          ... ok
test prover unit[default]::functional/inline_fun.move                          ... ok
test prover unit[default]::functional/inconsistency.move                       ... ok
test prover unit[default]::functional/inconsistency_always_abort.move          ... ok
test prover unit[default]::functional/inline-lambda.move                       ... ok
test prover unit[default]::functional/loop_invariant_invalid.move              ... ok
test prover unit[default]::functional/inline_fun_simple.move                   ... ok
test prover unit[default]::functional/emits.move                               ... ok
test prover unit[default]::functional/global_vars.move                         ... ok
test prover unit[default]::functional/invariants_resources.move                ... ok
test prover unit[default]::functional/invariants.move                          ... ok
test prover unit[default]::functional/invariants_with_quant.move               ... ok
test prover unit[default]::functional/is_txn_signer.move                       ... ok
test prover unit[default]::functional/loop_inv.move                            ... ok
test prover unit[default]::functional/fixed_point_arithm.move                  ... ok
test prover unit[default]::functional/let.move                                 ... ok
test prover unit[default]::functional/loop_with_two_back_edges.move            ... ok
test prover unit[default]::functional/marketcap_as_schema.move                 ... ok
test prover unit[default]::functional/loop_unroll.move                         ... ok
test prover unit[default]::functional/marketcap_as_schema_apply.move           ... ok
test prover unit[default]::functional/loops.move                               ... ok
test prover unit[default]::functional/marketcap.move                           ... ok
test prover unit[default]::functional/loops_with_memory_ops.move               ... FAILED
test prover unit[default]::functional/marketcap_generic.move                   ... ok
test prover unit[default]::functional/module_invariants.move                   ... ok
test prover unit[default]::functional/old_param_err.move                       ... ok
test prover unit[default]::functional/module_level_spec.move                   ... ok
test prover unit[default]::functional/macro_verification.move                  ... ok
test prover unit[default]::functional/mut_ref_accross_modules.move             ... ok
test prover unit[default]::functional/mut_ref_unpack.move                      ... ok
test prover unit[default]::functional/math8.move                               ... ok
test prover unit[default]::functional/mut_ref_arg_return.move                  ... ok
test prover unit[default]::functional/pure_function_call_incorrect.move        ... ok
test prover unit[default]::functional/old_in_inlined.move                      ... ok
test prover unit[default]::functional/nested_invariants.move                   ... ok
test prover unit[default]::functional/mono.move                                ... ok
test prover unit[default]::functional/old_param_ok.move                        ... ok
test prover unit[default]::functional/opaque.move                              ... ok
test prover unit[default]::functional/opaque_native.move                       ... ok
test prover unit[default]::functional/mut_ref.move                             ... FAILED
test prover unit[default]::functional/pack_unpack.move                         ... ok
test prover unit[default]::functional/pragma.move                              ... ok
test prover unit[default]::functional/restrictions.move                        ... ok
test prover unit[default]::functional/schema_name.move                         ... ok
test prover unit[default]::functional/recursive_move_funs_multi_hop.move       ... ok
test prover unit[default]::functional/recursive_move_fun.move                  ... ok
test prover unit[default]::functional/pure_function_call.move                  ... ok
test prover unit[default]::functional/resource_index.move                      ... ok
test prover unit[default]::functional/references.move                          ... ok
test prover unit[default]::functional/resources.move                           ... ok
test prover unit[default]::functional/schema_apply.move                        ... ok
test prover unit[default]::functional/return_values.move                       ... ok
test prover unit[default]::functional/script.move                              ... ok
test prover unit[default]::functional/script_provider.move                     ... ok
test prover unit[default]::functional/schema_exp.move                          ... ok
test prover unit[default]::functional/script_incorrect.move                    ... ok
test prover unit[default]::functional/serialize_model.move                     ... ok
test prover unit[default]::functional/signer_display.move                      ... ok
test prover unit[default]::functional/specs_in_fun.move                        ... ok
test prover unit[default]::functional/specs_in_fun_ref.move                    ... ok
test prover unit[default]::functional/type_dependent_code.move                 ... FAILED
test prover unit[default]::functional/nested_loop_inv.move                     ... ok
test prover unit[default]::functional/table_contais_to_length.move             ... ok
test prover unit[default]::functional/test_multi_let_bindings_in_spec.move     ... ok
test prover unit[default]::functional/shift.move                               ... ok
test prover unit[default]::functional/strong_edges.move                        ... ok
test prover unit[default]::functional/table_option.move                        ... ok
test prover unit[default]::functional/trace.move                               ... ok
test prover unit[default]::functional/simple_vector_client.move                ... ok
test prover unit[default]::functional/uninst_global_invariant.move             ... ok
test prover unit[default]::functional/type_reflection_ext.move                 ... ok
test prover unit[default]::functional/nonlinear_arithm.move                    ... ok
test prover unit[default]::functional/unused_global_invariant.move             ... ok
test prover unit[default]::functional/unused_schema.move                       ... ok
test prover unit[default]::functional/verify_bcs.move                          ... ok
test prover unit[default]::functional/verify_sort.move                         ... ok
test prover unit[default]::regression/bug_828.move                             ... ok
test prover unit[default]::regression/Escape.move                              ... ok
test prover unit[default]::regression/let_rewrite.move                         ... ok
test prover unit[default]::regression/map_equality_encoding.move               ... ok
test prover unit[default]::regression/mono_after_global_invariant.move         ... ok
test prover unit[default]::functional/verify_table.move                        ... FAILED
test prover unit[default]::functional/verify_custom_table.move                 ... FAILED
test prover unit[default]::regression/moved_local_with_refs.move               ... ok
test prover unit[default]::regression/mono_on_axiom_spec_type.move             ... ok
test prover unit[default]::regression/mutrefbug030521.move                     ... ok
test prover unit[default]::regression/set_200701.move                          ... ok
test prover unit[default]::functional/verify_vector.move                       ... ok
test prover unit[default]::regression/performance_200511.move                  ... ok
test prover unit[default]::regression/type_param_bug_121721.move               ... FAILED
test prover unit[default]::regression/spec_fun_same_mem_param.move             ... ok
test prover unit[default]::regression/temporary_rewrite.move                   ... ok
test prover unit[default]::regression/test_bitvector.move                      ... ok
test prover unit[default]::functional/type_reflection.move                     ... ok
test prover unit[v2]::functional/ModifiesTypeTest.move                         ... ok
test prover unit[default]::regression/vector_theory_boogie_array_intern.move   ... ok
test prover unit[default]::regression/vector_theory_smt_seq.move               ... ok
test prover unit[default]::regression/type_param_bug_200228.move               ... ok
test prover unit[default]::regression/vector_theory_boogie_array.move          ... ok
test prover unit[default]::regression/vector_200630.move                       ... ok
test prover unit[v2]::functional/ModifiesSchemaTest.move                       ... ok
test prover unit[v2]::functional/aborts_with_negative_check.move               ... ok
test prover unit[v2]::functional/ModifiesErrorTest.move                        ... ok
test prover unit[v2]::functional/aborts_with_check.move                        ... ok
test prover unit[v2]::functional/ModifiesTest.move                             ... ok
test prover unit[v2]::functional/address_quant.move                            ... ok
test prover unit[v2]::functional/aborts_if.move                                ... ok
test prover unit[v2]::functional/aborts_if_with_code.move                      ... ok
test prover unit[v2]::functional/address_serialization_constant_size.move      ... ok
test prover unit[v2]::functional/axiom_generic.move                            ... ok
test prover unit[v2]::functional/axioms.move                                   ... ok
test prover unit[v2]::functional/bitset.move                                   ... ok
test prover unit[v2]::functional/bitwise_operators.move                        ... ok
test prover unit[v2]::functional/arithm.move                                   ... ok
test prover unit[v2]::functional/conditional_write_back.move                   ... FAILED
test prover unit[v2]::functional/bitwise_operators_enum.move                   ... ok
test prover unit[v2]::functional/disable_inv.move                              ... ok
test prover unit[v2]::functional/bv_aborts.move                                ... ok
test prover unit[v2]::functional/duplicate_function_declarations.move          ... ok
test prover unit[v2]::functional/cast.move                                     ... ok
test prover unit[v2]::functional/disable_inv_indirect.move                     ... ok
test prover unit[v2]::functional/bitwise_table.move                            ... ok
test prover unit[v2]::functional/data_invariant_in_loop.move                   ... ok
test prover unit[v2]::functional/consts.move                                   ... ok
test prover unit[v2]::functional/data_invariant_for_mut_ref_arg.move           ... FAILED
test prover unit[v2]::functional/data_invariant_in_map.move                    ... FAILED
test prover unit[v2]::functional/defines.move                                  ... ok
test prover unit[v2]::functional/choice.move                                   ... ok
test prover unit[v2]::functional/disable_inv_friends.move                      ... ok
test prover unit[v2]::functional/enum.move                                     ... FAILED
test prover unit[v2]::functional/enum_positional.move                          ... FAILED
test prover unit[v2]::functional/enum_self.move                                ... FAILED
test prover unit[v2]::functional/enum_abort.move                               ... ok
test prover unit[v2]::functional/exists_in_vector.move                         ... ok
test prover unit[v2]::functional/friend.move                                   ... ok
test prover unit[v2]::functional/friend_error.move                             ... ok
test prover unit[v2]::functional/global_invariants.move                        ... ok
test prover unit[v2]::functional/hash_model_invalid.move                       ... ok
test prover unit[v2]::functional/hash_model.move                               ... ok
test prover unit[v2]::functional/generic_invariants.move                       ... ok
test prover unit[v2]::functional/inconsistency_always_abort.move               ... ok
test prover unit[v2]::functional/inline-lambda.move                            ... ok
test prover unit[v2]::functional/global_vars.move                              ... ok
test prover unit[v2]::functional/inconsistency.move                            ... ok
test prover unit[v2]::functional/inline_fun.move                               ... ok
test prover unit[v2]::functional/emits.move                                    ... ok
test prover unit[v2]::functional/inline_fun_simple.move                        ... ok
test prover unit[v2]::functional/fixed_point_arithm.move                       ... ok
test prover unit[v2]::functional/loop_invariant_invalid.move                   ... ok
test prover unit[v2]::functional/invariants.move                               ... FAILED
test prover unit[v2]::functional/invariants_positional.move                    ... ok
test prover unit[v2]::functional/invariants_with_quant.move                    ... ok
test prover unit[v2]::functional/invariants_resources.move                     ... ok
test prover unit[v2]::functional/loop_inv.move                                 ... ok
test prover unit[v2]::functional/is_txn_signer.move                            ... ok
test prover unit[v2]::functional/loop_with_two_back_edges.move                 ... ok
test prover unit[v2]::functional/let.move                                      ... ok
test prover unit[v2]::functional/loop_unroll.move                              ... ok
test prover unit[v2]::functional/marketcap.move                                ... ok
test prover unit[v2]::functional/macro_verification.move                       ... ok
test prover unit[v2]::functional/marketcap_as_schema.move                      ... ok
test prover unit[v2]::functional/loops_with_memory_ops.move                    ... FAILED
test prover unit[v2]::functional/loops.move                                    ... ok
test prover unit[v2]::functional/marketcap_as_schema_apply.move                ... ok
test prover unit[v2]::functional/marketcap_generic.move                        ... ok
test prover unit[v2]::functional/module_invariants.move                        ... ok
test prover unit[v2]::functional/module_level_spec.move                        ... ok
test prover unit[v2]::functional/mut_ref_accross_modules.move                  ... ok
test prover unit[v2]::functional/old_param_err.move                            ... ok
test prover unit[v2]::functional/mut_ref_unpack.move                           ... ok
test prover unit[v2]::functional/math8.move                                    ... ok
test prover unit[v2]::functional/mut_ref_arg_return.move                       ... ok
test prover unit[v2]::functional/old_in_inlined.move                           ... ok
test prover unit[v2]::functional/pure_function_call_incorrect.move             ... ok
test prover unit[v2]::functional/nested_invariants.move                        ... ok
test prover unit[v2]::functional/mono.move                                     ... ok
test prover unit[v2]::functional/mut_ref.move                                  ... FAILED
test prover unit[v2]::functional/old_param_ok.move                             ... ok
test prover unit[v2]::functional/opaque.move                                   ... ok
test prover unit[v2]::functional/opaque_native.move                            ... ok
test prover unit[v2]::functional/pack_unpack.move                              ... ok
test prover unit[v2]::functional/pragma.move                                   ... ok
test prover unit[v2]::functional/restrictions.move                             ... ok
test prover unit[v2]::functional/pure_function_call.move                       ... ok
test prover unit[v2]::functional/recursive_move_fun.move                       ... ok
test prover unit[v2]::functional/schema_name.move                              ... ok
test prover unit[v2]::functional/recursive_move_funs_multi_hop.move            ... ok
test prover unit[v2]::functional/resource_index.move                           ... ok
test prover unit[v2]::functional/nested_loop_inv.move                          ... ok
test prover unit[v2]::functional/references.move                               ... ok
test prover unit[v2]::functional/schema_apply.move                             ... ok
test prover unit[v2]::functional/resources.move                                ... ok
test prover unit[v2]::functional/return_values.move                            ... ok
test prover unit[v2]::functional/schema_exp.move                               ... ok
test prover unit[v2]::functional/script.move                                   ... ok
test prover unit[v2]::functional/script_provider.move                          ... ok
test prover unit[v2]::functional/script_incorrect.move                         ... ok
test prover unit[v2]::functional/signer_display.move                           ... ok
test prover unit[v2]::functional/serialize_model.move                          ... ok
test prover unit[v2]::functional/specs_in_fun.move                             ... ok
test prover unit[v2]::functional/table_contais_to_length.move                  ... ok
test prover unit[v2]::functional/shift.move                                    ... ok
test prover unit[v2]::functional/type_dependent_code.move                      ... FAILED
test prover unit[v2]::functional/simple_vector_client.move                     ... ok
test prover unit[v2]::functional/strong_edges.move                             ... ok
test prover unit[v2]::functional/specs_in_fun_ref.move                         ... ok
test prover unit[v2]::functional/test_multi_let_bindings_in_spec.move          ... ok
test prover unit[v2]::functional/table_option.move                             ... ok
test prover unit[v2]::functional/nonlinear_arithm.move                         ... ok
test prover unit[v2]::functional/trace.move                                    ... ok
test prover unit[v2]::functional/type_reflection_ext.move                      ... ok
test prover unit[v2]::functional/uninst_global_invariant.move                  ... ok
test prover unit[v2]::functional/unused_schema.move                            ... ok
test prover unit[v2]::functional/unused_global_invariant.move                  ... ok
test prover unit[v2]::functional/verify_bcs.move                               ... ok
test prover unit[v2]::functional/verify_sort.move                              ... ok
test prover unit[v2]::regression/bug_828.move                                  ... ok
test prover unit[v2]::regression/let_rewrite.move                              ... ok
test prover unit[v2]::regression/Escape.move                                   ... ok
test prover unit[v2]::functional/verify_table.move                             ... FAILED
test prover unit[v2]::functional/verify_custom_table.move                      ... FAILED
test prover unit[v2]::regression/map_equality_encoding.move                    ... ok
test prover unit[v2]::functional/verify_vector.move                            ... ok
test prover unit[v2]::regression/mono_after_global_invariant.move              ... ok
test prover unit[v2]::regression/mono_on_axiom_spec_type.move                  ... ok
test prover unit[v2]::regression/moved_local_with_refs.move                    ... ok
test prover unit[v2]::regression/mutrefbug030521.move                          ... ok
test prover unit[v2]::regression/set_200701.move                               ... ok
test prover unit[v2]::regression/performance_200511.move                       ... ok
test prover unit[v2]::regression/temporary_rewrite.move                        ... ok
test prover unit[v2]::regression/spec_fun_same_mem_param.move                  ... ok
test prover unit[v2]::regression/type_param_bug_121721.move                    ... FAILED
test prover unit[v2]::regression/test_bitvector.move                           ... ok
test prover unit[v2]::functional/type_reflection.move                          ... ok
test prover unit[v2]::regression/vector_200630.move                            ... ok
test prover unit[v2]::regression/vector_theory_boogie_array_intern.move        ... ok
test prover unit[v2]::regression/type_param_bug_200228.move                    ... ok
test prover unit[v2]::regression/vector_theory_smt_seq.move                    ... ok
test prover unit[v2]::regression/vector_theory_boogie_array.move               ... ok
test prover unit[default]::functional/bitwise_features.move                    ... FAILED
test prover unit[v2]::functional/bitwise_features.move                         ... FAILED
