running 167 tests. (Added later: only 165 tests finished, 2 timedout).
test prover unit[default]::tests/sources/functional/bitwise_error_1.move                     ... ok
test prover unit[default]::tests/sources/functional/ModifiesTypeTest.move                    ... ok
test prover unit[default]::tests/sources/functional/bitwise_error_2.move                     ... ok
test prover unit[default]::tests/sources/functional/ModifiesSchemaTest.move                  ... ok
test prover unit[default]::tests/sources/functional/aborts_with_check.move                   ... ok
test prover unit[default]::tests/sources/functional/aborts_with_negative_check.move          ... ok
test prover unit[default]::tests/sources/functional/axioms.move                              ... ok
test prover unit[default]::tests/sources/functional/address_quant.move                       ... ok
test prover unit[default]::tests/sources/functional/ModifiesTest.move                        ... ok
test prover unit[default]::tests/sources/functional/abort_in_fun.move                        ... ok
test prover unit[default]::tests/sources/functional/axiom_generic.move                       ... ok
test prover unit[default]::tests/sources/functional/bitset.move                              ... ok
test prover unit[default]::tests/sources/functional/aborts_if_with_code.move                 ... ok
test prover unit[default]::tests/sources/functional/arithm.move                              ... ok
test prover unit[default]::tests/sources/functional/ModifiesErrorTest.move                   ... ok
test prover unit[default]::tests/sources/functional/address_serialization_constant_size.move ... ok
test prover unit[default]::tests/sources/functional/aborts_if.move                           ... ok
test prover unit[default]::tests/sources/functional/bitwise_operators.move                   ... ok
test prover unit[default]::tests/sources/functional/closures/closure_in_spec_expr.move       ... ok
test prover unit[default]::tests/sources/functional/bitwise_operators_enum.move              ... ok
test prover unit[default]::tests/sources/functional/bug_10784.move                           ... ok
test prover unit[default]::tests/sources/functional/bug_15044.move                           ... ok
test prover unit[default]::tests/sources/functional/bitwise_table.move                       ... ok
test prover unit[default]::tests/sources/functional/bug_14762.move                           ... ok
test prover unit[default]::tests/sources/functional/bv_cast.move                             ... ok
test prover unit[default]::tests/sources/functional/bug_15880.move                           ... ok
test prover unit[default]::tests/sources/functional/bug_15969.move                           ... ok
test prover unit[default]::tests/sources/functional/bug-17117.move                           ... ok
test prover unit[default]::tests/sources/functional/bv_aborts.move                           ... ok
test prover unit[default]::tests/sources/functional/closures/closure_non_provable.move       ... ok
test prover unit[default]::tests/sources/functional/closures/closure_empty_result.move       ... ok
test prover unit[default]::tests/sources/functional/disable_inv.move                         ... ok
test prover unit[default]::tests/sources/functional/duplicate_function_declarations.move     ... ok
test prover unit[default]::tests/sources/functional/disable_inv_indirect.move                ... ok
test prover unit[default]::tests/sources/functional/cast.move                                ... ok
test prover unit[default]::tests/sources/functional/choice.move                              ... ok
test prover unit[default]::tests/sources/functional/closures/closure_optimized_away.move     ... ok
test prover unit[default]::tests/sources/functional/consts.move                              ... ok
test prover unit[default]::tests/sources/functional/data_invariant_in_loop.move              ... ok
test prover unit[default]::tests/sources/functional/conditional_write_back.move              ... ok
test prover unit[default]::tests/sources/functional/defines.move                             ... ok
test prover unit[default]::tests/sources/functional/data_invariant_in_map.move               ... ok
test prover unit[default]::tests/sources/functional/data_invariant_for_mut_ref_arg.move      ... ok
test prover unit[default]::tests/sources/functional/enum.move                                ... ok
test prover unit[default]::tests/sources/functional/enum_generic.move                        ... FAILED
test prover unit[default]::tests/sources/functional/enum_abort.move                          ... ok
test prover unit[default]::tests/sources/functional/enum_self.move                           ... ok
test prover unit[default]::tests/sources/functional/enum_positional.move                     ... ok
test prover unit[default]::tests/sources/functional/disable_inv_friends.move                 ... ok
test prover unit[default]::tests/sources/functional/exists_in_vector.move                    ... ok
test prover unit[default]::tests/sources/functional/enum_invariants.move                     ... ok
test prover unit[default]::tests/sources/functional/enum_diff_type.move                      ... ok
test prover unit[default]::tests/sources/functional/inline-lambda-modifies.move              ... ok
test prover unit[default]::tests/sources/functional/friend.move                              ... ok
test prover unit[default]::tests/sources/functional/emits.move                               ... ok
test prover unit[default]::tests/sources/functional/generic_invariants.move                  ... ok
test prover unit[default]::tests/sources/functional/hash_model.move                          ... ok
test prover unit[default]::tests/sources/functional/friend_error.move                        ... ok
test prover unit[default]::tests/sources/functional/hash_model_invalid.move                  ... ok
test prover unit[default]::tests/sources/functional/global_invariants.move                   ... ok
test prover unit[default]::tests/sources/functional/inconsistency.move                       ... ok
test prover unit[default]::tests/sources/functional/inconsistency_always_abort.move          ... ok
test prover unit[default]::tests/sources/functional/inline_lambda.move                       ... ok
test prover unit[default]::tests/sources/functional/global_vars.move                         ... ok
test prover unit[default]::tests/sources/functional/inline_fun.move                          ... ok
test prover unit[default]::tests/sources/functional/loop_invariant_invalid.move              ... ok
test prover unit[default]::tests/sources/functional/inline_fun_simple.move                   ... ok
test prover unit[default]::tests/sources/functional/fixed_point_arithm.move                  ... ok
test prover unit[default]::tests/sources/functional/inline-lambda.move                       ... ok
test prover unit[default]::tests/sources/functional/bitwise_features.move                    ... ok
test prover unit[default]::tests/sources/functional/loop_inv.move                            ... ok
test prover unit[default]::tests/sources/functional/invariants_resources.move                ... ok
test prover unit[default]::tests/sources/functional/let.move                                 ... ok
test prover unit[default]::tests/sources/functional/is_txn_signer.move                       ... ok
test prover unit[default]::tests/sources/functional/invariants_with_quant.move               ... ok
test prover unit[default]::tests/sources/functional/invariants_positional.move               ... ok
test prover unit[default]::tests/sources/functional/invariants.move                          ... ok
test prover unit[default]::tests/sources/functional/marketcap.move                           ... ok
test prover unit[default]::tests/sources/functional/loop_unroll.move                         ... ok
test prover unit[default]::tests/sources/functional/marketcap_as_schema.move                 ... ok
test prover unit[default]::tests/sources/functional/loop_with_two_back_edges.move            ... ok
test prover unit[default]::tests/sources/functional/loops.move                               ... ok
test prover unit[default]::tests/sources/functional/marketcap_as_schema_apply.move           ... ok
test prover unit[default]::tests/sources/functional/module_invariants.move                   ... ok
test prover unit[default]::tests/sources/functional/marketcap_generic.move                   ... ok
test prover unit[default]::tests/sources/functional/module_level_spec.move                   ... ok
test prover unit[default]::tests/sources/functional/loops_with_memory_ops.move               ... FAILED
test prover unit[default]::tests/sources/functional/mut_ref_arg_return.move                  ... ok
test prover unit[default]::tests/sources/functional/mut_ref_unpack.move                      ... ok
test prover unit[default]::tests/sources/functional/math8.move                               ... ok
test prover unit[default]::tests/sources/functional/mut_ref_accross_modules.move             ... ok
test prover unit[default]::tests/sources/functional/mut_ref.move                             ... ok
test prover unit[default]::tests/sources/functional/old_param_err.move                       ... ok
test prover unit[default]::tests/sources/functional/pure_function_call_incorrect.move        ... ok
test prover unit[default]::tests/sources/functional/nested_invariants.move                   ... ok
test prover unit[default]::tests/sources/functional/old_in_inlined.move                      ... ok
test prover unit[default]::tests/sources/functional/mono.move                                ... ok
test prover unit[default]::tests/sources/functional/old_param_ok.move                        ... ok
test prover unit[default]::tests/sources/functional/pure_function_call.move                  ... ok
test prover unit[default]::tests/sources/functional/pack_unpack.move                         ... ok
test prover unit[default]::tests/sources/functional/macro_verification.move                  ... ok
test prover unit[default]::tests/sources/functional/restrictions.move                        ... ok
test prover unit[default]::tests/sources/functional/nested_loop_inv.move                     ... ok
test prover unit[default]::tests/sources/functional/opaque_native.move                       ... ok
test prover unit[default]::tests/sources/functional/schema_name.move                         ... ok
test prover unit[default]::tests/sources/functional/opaque.move                              ... ok
test prover unit[default]::tests/sources/functional/pragma.move                              ... ok
test prover unit[default]::tests/sources/functional/recursive_move_fun.move                  ... ok
test prover unit[default]::tests/sources/functional/resource_index.move                      ... ok
test prover unit[default]::tests/sources/functional/recursive_move_funs_multi_hop.move       ... ok
test prover unit[default]::tests/sources/functional/resources.move                           ... ok
test prover unit[default]::tests/sources/functional/references.move                          ... ok
test prover unit[default]::tests/sources/functional/schema_apply.move                        ... ok
test prover unit[default]::tests/sources/functional/signed_int/error.move                    ... ok
test prover unit[default]::tests/sources/functional/schema_exp.move                          ... ok
test prover unit[default]::tests/sources/functional/return_values.move                       ... ok
test prover unit[default]::tests/sources/functional/script_provider.move                     ... ok
test prover unit[default]::tests/sources/functional/serialize_model.move                     ... ok
test prover unit[default]::tests/sources/functional/spec_fun_imperative_expression_err.move  ... ok
test prover unit[default]::tests/sources/functional/script.move                              ... ok
test prover unit[default]::tests/sources/functional/signed_int/cast.move                     ... ok
test prover unit[default]::tests/sources/functional/nonlinear_arithm.move                    ... ok
test prover unit[default]::tests/sources/functional/script_incorrect.move                    ... ok
test prover unit[default]::tests/sources/functional/signed_int/artithmetic.move              ... ok
test prover unit[default]::tests/sources/functional/specs_in_fun_ref.move                    ... ok
test prover unit[default]::tests/sources/functional/strong_edges.move                        ... ok
test prover unit[default]::tests/sources/functional/table_contais_to_length.move             ... ok
test prover unit[default]::tests/sources/functional/shift.move                               ... ok
test prover unit[default]::tests/sources/functional/specs_in_fun.move                        ... ok
test prover unit[default]::tests/sources/functional/signer_display.move                      ... ok
test prover unit[default]::tests/sources/functional/signed_int/negate.move                   ... ok
test prover unit[default]::tests/sources/functional/table_option.move                        ... ok
test prover unit[default]::tests/sources/functional/test_multi_let_bindings_in_spec.move     ... ok
test prover unit[default]::tests/sources/functional/simple_vector_client.move                ... ok
test prover unit[default]::tests/sources/functional/trace.move                               ... ok
test prover unit[default]::tests/sources/functional/unused_schema.move                       ... ok
test prover unit[default]::tests/sources/functional/verify_sort.move                         ... ok
test prover unit[default]::tests/sources/functional/type_reflection_ext.move                 ... ok
test prover unit[default]::tests/sources/functional/uninst_global_invariant.move             ... ok
test prover unit[default]::tests/sources/functional/verify_bcs.move                          ... ok
test prover unit[default]::tests/sources/functional/verify_custom_table.move                 ... ok
test prover unit[default]::tests/sources/functional/unused_global_invariant.move             ... ok
test prover unit[default]::tests/sources/functional/type_dependent_code.move                 ... ok
test prover unit[default]::tests/sources/functional/verify_table.move                        ... ok
test prover unit[default]::tests/sources/regression/bug_828.move                             ... ok
test prover unit[default]::tests/sources/regression/mono_on_axiom_spec_type.move             ... ok
test prover unit[default]::tests/sources/regression/moved_local_with_refs.move               ... ok
test prover unit[default]::tests/sources/regression/let_rewrite.move                         ... ok
test prover unit[default]::tests/sources/regression/performance_200511.move                  ... ok
test prover unit[default]::tests/sources/regression/map_equality_encoding.move               ... ok
test prover unit[default]::tests/sources/regression/mono_after_global_invariant.move         ... ok
test prover unit[default]::tests/sources/regression/mutrefbug030521.move                     ... ok
test prover unit[default]::tests/sources/regression/Escape.move                              ... ok
test prover unit[default]::tests/sources/regression/set_200701.move                          ... ok
test prover unit[default]::tests/sources/functional/verify_vector.move                       ... ok
test prover unit[default]::tests/sources/regression/vector_theory_boogie_array_intern.move   ... ok
test prover unit[default]::tests/sources/regression/vector_200630.move                       ... ok
test prover unit[default]::tests/sources/regression/vector_theory_smt_seq.move               ... ok
test prover unit[default]::tests/sources/regression/vector_theory_boogie_array.move          ... ok
test prover unit[default]::tests/sources/regression/spec_fun_same_mem_param.move             ... ok
test prover unit[default]::tests/sources/regression/type_param_bug_200228.move               ... ok
test prover unit[default]::tests/sources/regression/test_bitvector.move                      ... ok
test prover unit[default]::tests/sources/regression/type_param_bug_121721.move               ... ok
test prover unit[default]::tests/sources/functional/type_reflection.move                     ... ok
test prover unit[default]::tests/sources/regression/temporary_rewrite.move                   ... ok
